<?xml version="1.0" encoding="UTF-8"?>
<!-- Generated by org.testng.reporters.JUnitXMLReporter -->
<testsuite ignored="1" hostname="Vamsis-MacBook-Pro.local" failures="0" tests="3" name="test" time="6.075" errors="0" timestamp="06 Sep 2018 19:55:51 GMT">
  <testcase classname="org.fastspring.testautomation.ProductServices" name="postProducts" time="3.93"/>
  <testcase classname="org.fastspring.testautomation.ProductServices" name="modify_Product" time="0.535"/>
  <testcase classname="org.fastspring.testautomation.ProductServices" name="getUpdatedResult" time="1.592"/>
  <testcase classname="org.fastspring.testautomation.ProductServices" name="checkout" time="0.0">
    <ignored/>
  </testcase> <!-- checkout -->
</testsuite> <!-- test -->
