<?xml version="1.0" encoding="UTF-8"?>
<testng-results ignored="0" total="2" passed="2" failed="0" skipped="0">
  <reporter-output>
  </reporter-output>
  <suite started-at="2018-09-06T22:17:03Z" name="Suite" finished-at="2018-09-06T22:17:16Z" duration-ms="13347">
    <groups>
    </groups>
    <test started-at="2018-09-06T22:17:03Z" name="test1" finished-at="2018-09-06T22:17:16Z" duration-ms="13347">
      <class name="org.fastspring.testautomation.Checkoutflow">
        <test-method is-config="true" signature="setup()[pri:0, instance:org.fastspring.testautomation.Checkoutflow@7c7b252e]" started-at="2018-09-06T22:17:03Z" name="setup" finished-at="2018-09-06T22:17:08Z" duration-ms="4544" status="PASS">
          <reporter-output>
          </reporter-output>
        </test-method> <!-- setup -->
        <test-method signature="checkout()[pri:0, instance:org.fastspring.testautomation.Checkoutflow@7c7b252e]" started-at="2018-09-06T22:17:08Z" name="checkout" finished-at="2018-09-06T22:17:16Z" duration-ms="8790" status="PASS">
          <reporter-output>
          </reporter-output>
        </test-method> <!-- checkout -->
        <test-method signature="postordercheck()[pri:0, instance:org.fastspring.testautomation.Checkoutflow@7c7b252e]" started-at="2018-09-06T22:17:16Z" name="postordercheck" finished-at="2018-09-06T22:17:16Z" duration-ms="0" status="PASS">
          <reporter-output>
          </reporter-output>
        </test-method> <!-- postordercheck -->
      </class> <!-- org.fastspring.testautomation.Checkoutflow -->
    </test> <!-- test1 -->
  </suite> <!-- Suite -->
</testng-results>
