<?xml version="1.0" encoding="UTF-8"?>
<testng-results ignored="0" total="2" passed="2" failed="0" skipped="0">
  <reporter-output>
  </reporter-output>
  <suite started-at="2018-09-05T04:47:17Z" name="Suite" finished-at="2018-09-05T04:47:20Z" duration-ms="3312">
    <groups>
      <group name="getInfo">
        <method signature="ProductServices.getProducts()[pri:1, instance:org.fastspring.testautomation.ProductServices@2a3b5b47]" name="getProducts" class="org.fastspring.testautomation.ProductServices"/>
      </group> <!-- getInfo -->
      <group name="insertInfo">
        <method signature="ProductServices.postProducts()[pri:0, instance:org.fastspring.testautomation.ProductServices@2a3b5b47]" name="postProducts" class="org.fastspring.testautomation.ProductServices"/>
      </group> <!-- insertInfo -->
    </groups>
    <test started-at="2018-09-05T04:47:17Z" name="test" finished-at="2018-09-05T04:47:20Z" duration-ms="3312">
      <class name="org.fastspring.testautomation.ProductServices">
        <test-method signature="postProducts()[pri:0, instance:org.fastspring.testautomation.ProductServices@2a3b5b47]" started-at="2018-09-05T04:47:17Z" name="postProducts" finished-at="2018-09-05T04:47:19Z" duration-ms="2755" status="PASS">
          <reporter-output>
          </reporter-output>
        </test-method> <!-- postProducts -->
        <test-method signature="getProducts()[pri:1, instance:org.fastspring.testautomation.ProductServices@2a3b5b47]" started-at="2018-09-05T04:47:19Z" name="getProducts" finished-at="2018-09-05T04:47:20Z" duration-ms="540" status="PASS">
          <reporter-output>
          </reporter-output>
        </test-method> <!-- getProducts -->
      </class> <!-- org.fastspring.testautomation.ProductServices -->
    </test> <!-- test -->
  </suite> <!-- Suite -->
</testng-results>
