<?xml version="1.0" encoding="UTF-8"?>
<testng-results ignored="0" total="1" passed="1" failed="0" skipped="0">
  <reporter-output>
  </reporter-output>
  <suite started-at="2018-09-02T15:48:16Z" name="Default suite" finished-at="2018-09-02T15:48:20Z" duration-ms="3757">
    <groups>
      <group name="insertInfo">
        <method signature="ProductServices.postProducts()[pri:0, instance:org.fastspring.testautomation.ProductServices@3bd82cf5]" name="postProducts" class="org.fastspring.testautomation.ProductServices"/>
      </group> <!-- insertInfo -->
    </groups>
    <test started-at="2018-09-02T15:48:16Z" name="Default test" finished-at="2018-09-02T15:48:20Z" duration-ms="3757">
      <class name="org.fastspring.testautomation.ProductServices">
        <test-method signature="postProducts()[pri:0, instance:org.fastspring.testautomation.ProductServices@3bd82cf5]" started-at="2018-09-02T15:48:16Z" name="postProducts" finished-at="2018-09-02T15:48:20Z" duration-ms="3737" status="PASS">
          <reporter-output>
          </reporter-output>
        </test-method> <!-- postProducts -->
      </class> <!-- org.fastspring.testautomation.ProductServices -->
    </test> <!-- Default test -->
  </suite> <!-- Default suite -->
</testng-results>
